<?xml version="1.0" encoding="UTF-8"?>
<!-- Generated by org.testng.reporters.JUnitReportReporter -->
<testsuite hostname="NowGGs-MacBook-Pro.local" failures="0" tests="1" name="TestCases.LoginTest" time="3.889" errors="0" timestamp="2025-10-26T10:13:24 IST" skipped="0">
  <testcase classname="TestCases.LoginTest" name="loginTest" time="3.889"/>
</testsuite> <!-- TestCases.LoginTest -->
