<?xml version="1.0" encoding="UTF-8"?>
<!-- Generated by org.testng.reporters.JUnitReportReporter -->
<testsuite hostname="NowGGs-MacBook-Pro.local" failures="0" tests="1" name="TestCases.LoginTest" time="4.704" errors="0" timestamp="2025-10-25T11:15:51 IST" skipped="0">
  <testcase classname="TestCases.LoginTest" name="loginTest" time="4.704"/>
</testsuite> <!-- TestCases.LoginTest -->
