<?xml version="1.0" encoding="UTF-8"?>
<!-- Generated by org.testng.reporters.JUnitReportReporter -->
<testsuite hostname="NowGGs-MacBook-Pro.local" failures="0" tests="1" name="TestCases.LoginTest" time="0.344" errors="0" timestamp="2025-10-25T09:14:51 IST" skipped="1">
  <testcase classname="TestCases.LoginTest" name="loginTest" time="0.344">
    <skipped/>
  </testcase> <!-- loginTest -->
</testsuite> <!-- TestCases.LoginTest -->
