<?xml version="1.0" encoding="UTF-8"?>
<!-- Generated by org.testng.reporters.JUnitReportReporter -->
<testsuite hostname="NowGGs-MacBook-Pro.local" failures="0" tests="1" name="TestCases.RegistrationTest" time="5.835" errors="0" timestamp="2025-10-25T11:15:51 IST" skipped="0">
  <testcase classname="TestCases.RegistrationTest" name="registrationTest" time="5.835"/>
</testsuite> <!-- TestCases.RegistrationTest -->
