<?xml version="1.0" encoding="UTF-8"?>
<!-- Generated by org.testng.reporters.JUnitReportReporter -->
<testsuite hostname="NowGGs-MacBook-Pro.local" failures="0" tests="1" name="TestCases.RegistrationTest" time="6.108" errors="0" timestamp="2025-10-26T10:07:34 IST" skipped="0">
  <testcase classname="TestCases.RegistrationTest" name="registrationTest" time="6.108"/>
</testsuite> <!-- TestCases.RegistrationTest -->
